app/build/intermediates/manifest_merge_blame_file/debug/processDebugMainManifest/manifest-merger-blame-debug-report.txt
1<?xml version="1.0" encoding="utf-8"?>
2<manifest xmlns:android="http://schemas.android.com/apk/res/android"
3    package="com.example.platformtool"
4    android:versionCode="30"
5    android:versionName="1.29" >
6
7    <uses-sdk
8        android:minSdkVersion="23"
9        android:targetSdkVersion="34" />
10
11    <!-- Intentionally requested for rooted, system and adb-granted engineering builds. -->
12    <uses-permission android:name="android.permission.READ_LOGS" />
12-->src\main\AndroidManifest.xml:6:5-8:47
12-->src\main\AndroidManifest.xml:7:9-52
13    <uses-permission android:name="android.permission.WRITE_SECURE_SETTINGS" />
13-->src\main\AndroidManifest.xml:9:5-11:47
13-->src\main\AndroidManifest.xml:10:9-64
14    <uses-permission android:name="android.permission.CAMERA" />
14-->src\main\AndroidManifest.xml:12:5-65
14-->src\main\AndroidManifest.xml:12:22-62
15    <uses-permission android:name="android.permission.FLASHLIGHT" />
15-->src\main\AndroidManifest.xml:13:5-69
15-->src\main\AndroidManifest.xml:13:22-66
16    <uses-permission android:name="android.permission.VIBRATE" />
16-->src\main\AndroidManifest.xml:14:5-66
16-->src\main\AndroidManifest.xml:14:22-63
17    <uses-permission android:name="android.permission.POST_NOTIFICATIONS" />
17-->src\main\AndroidManifest.xml:15:5-77
17-->src\main\AndroidManifest.xml:15:22-74
18    <uses-permission android:name="android.permission.FOREGROUND_SERVICE" />
18-->src\main\AndroidManifest.xml:16:5-77
18-->src\main\AndroidManifest.xml:16:22-74
19    <uses-permission android:name="android.permission.FOREGROUND_SERVICE_SPECIAL_USE" />
19-->src\main\AndroidManifest.xml:17:5-89
19-->src\main\AndroidManifest.xml:17:22-86
20    <uses-permission android:name="android.permission.RECEIVE_BOOT_COMPLETED" />
20-->src\main\AndroidManifest.xml:18:5-81
20-->src\main\AndroidManifest.xml:18:22-78
21
22    <uses-feature
22-->src\main\AndroidManifest.xml:19:5-21:36
23        android:name="android.hardware.camera.flash"
23-->src\main\AndroidManifest.xml:20:9-53
24        android:required="false" />
24-->src\main\AndroidManifest.xml:21:9-33
25    <uses-feature
25-->src\main\AndroidManifest.xml:22:5-24:36
26        android:name="android.hardware.camera"
26-->src\main\AndroidManifest.xml:23:9-47
27        android:required="false" />
27-->src\main\AndroidManifest.xml:24:9-33
28
29    <permission
29-->[androidx.core:core:1.13.0] AndroidManifest.xml:22:5-24:47
30        android:name="com.example.platformtool.DYNAMIC_RECEIVER_NOT_EXPORTED_PERMISSION"
30-->[androidx.core:core:1.13.0] AndroidManifest.xml:23:9-81
31        android:protectionLevel="signature" />
31-->[androidx.core:core:1.13.0] AndroidManifest.xml:24:9-44
32
33    <uses-permission android:name="com.example.platformtool.DYNAMIC_RECEIVER_NOT_EXPORTED_PERMISSION" />
33-->[androidx.core:core:1.13.0] AndroidManifest.xml:26:5-97
33-->[androidx.core:core:1.13.0] AndroidManifest.xml:26:22-94
34
35    <application
35-->src\main\AndroidManifest.xml:26:5-80:19
36        android:allowBackup="true"
36-->src\main\AndroidManifest.xml:27:9-35
37        android:appComponentFactory="androidx.core.app.CoreComponentFactory"
37-->[androidx.core:core:1.13.0] AndroidManifest.xml:28:18-86
38        android:debuggable="true"
39        android:extractNativeLibs="false"
40        android:icon="@drawable/ic_launcher"
40-->src\main\AndroidManifest.xml:28:9-45
41        android:label="@string/app_name"
41-->src\main\AndroidManifest.xml:29:9-41
42        android:supportsRtl="true"
42-->src\main\AndroidManifest.xml:30:9-35
43        android:theme="@style/Theme.PlatformTool" >
43-->src\main\AndroidManifest.xml:31:9-50
44        <activity
44-->src\main\AndroidManifest.xml:32:9-34:55
45            android:name="com.example.platformtool.SensorActivity"
45-->src\main\AndroidManifest.xml:33:13-43
46            android:screenOrientation="unspecified" />
46-->src\main\AndroidManifest.xml:34:13-52
47        <activity
47-->src\main\AndroidManifest.xml:35:9-39:68
48            android:name="com.example.platformtool.FullscreenVideoActivity"
48-->src\main\AndroidManifest.xml:36:13-52
49            android:configChanges="keyboardHidden|orientation|screenSize"
49-->src\main\AndroidManifest.xml:37:13-74
50            android:screenOrientation="sensorLandscape"
50-->src\main\AndroidManifest.xml:38:13-56
51            android:theme="@style/Theme.PlatformTool.Fullscreen" />
51-->src\main\AndroidManifest.xml:39:13-65
52        <activity android:name="com.example.platformtool.VideoLibraryActivity" />
52-->src\main\AndroidManifest.xml:40:9-58
52-->src\main\AndroidManifest.xml:40:19-55
53        <activity android:name="com.example.platformtool.AudioPlayerActivity" />
53-->src\main\AndroidManifest.xml:41:9-57
53-->src\main\AndroidManifest.xml:41:19-54
54        <activity android:name="com.example.platformtool.SerialPortActivity" />
54-->src\main\AndroidManifest.xml:42:9-56
54-->src\main\AndroidManifest.xml:42:19-53
55        <activity
55-->src\main\AndroidManifest.xml:43:9-45:77
56            android:name="com.example.platformtool.RootLogActivity"
56-->src\main\AndroidManifest.xml:44:13-44
57            android:configChanges="keyboardHidden|orientation|screenSize" />
57-->src\main\AndroidManifest.xml:45:13-74
58        <activity
58-->src\main\AndroidManifest.xml:46:9-48:55
59            android:name="com.example.platformtool.FpsTestActivity"
59-->src\main\AndroidManifest.xml:47:13-44
60            android:screenOrientation="unspecified" />
60-->src\main\AndroidManifest.xml:48:13-52
61        <activity android:name="com.example.platformtool.QuickToolsActivity" />
61-->src\main\AndroidManifest.xml:49:9-56
61-->src\main\AndroidManifest.xml:49:19-53
62        <activity
62-->src\main\AndroidManifest.xml:50:9-52:77
63            android:name="com.example.platformtool.BatteryInfoActivity"
63-->src\main\AndroidManifest.xml:51:13-48
64            android:configChanges="keyboardHidden|orientation|screenSize" />
64-->src\main\AndroidManifest.xml:52:13-74
65        <activity
65-->src\main\AndroidManifest.xml:53:9-55:59
66            android:name="com.example.platformtool.BatteryChartActivity"
66-->src\main\AndroidManifest.xml:54:13-49
67            android:screenOrientation="sensorLandscape" />
67-->src\main\AndroidManifest.xml:55:13-56
68
69        <service
69-->src\main\AndroidManifest.xml:56:9-63:19
70            android:name="com.example.platformtool.BatteryLoggingService"
70-->src\main\AndroidManifest.xml:57:13-50
71            android:exported="false"
71-->src\main\AndroidManifest.xml:58:13-37
72            android:foregroundServiceType="specialUse" >
72-->src\main\AndroidManifest.xml:59:13-55
73            <property
73-->src\main\AndroidManifest.xml:60:13-62:80
74                android:name="android.app.PROPERTY_SPECIAL_USE_FGS_SUBTYPE"
74-->src\main\AndroidManifest.xml:61:17-76
75                android:value="Long-running battery engineering data logger" />
75-->src\main\AndroidManifest.xml:62:17-77
76        </service>
77
78        <receiver
78-->src\main\AndroidManifest.xml:64:9-71:20
79            android:name="com.example.platformtool.BatteryLoggingBootReceiver"
79-->src\main\AndroidManifest.xml:65:13-55
80            android:enabled="true"
80-->src\main\AndroidManifest.xml:66:13-35
81            android:exported="true" >
81-->src\main\AndroidManifest.xml:67:13-36
82            <intent-filter>
82-->src\main\AndroidManifest.xml:68:13-70:29
83                <action android:name="android.intent.action.BOOT_COMPLETED" />
83-->src\main\AndroidManifest.xml:69:17-79
83-->src\main\AndroidManifest.xml:69:25-76
84            </intent-filter>
85        </receiver>
86
87        <activity
87-->src\main\AndroidManifest.xml:72:9-79:20
88            android:name="com.example.platformtool.MainActivity"
88-->src\main\AndroidManifest.xml:73:13-41
89            android:exported="true" >
89-->src\main\AndroidManifest.xml:74:13-36
90            <intent-filter>
90-->src\main\AndroidManifest.xml:75:13-78:29
91                <action android:name="android.intent.action.MAIN" />
91-->src\main\AndroidManifest.xml:76:17-69
91-->src\main\AndroidManifest.xml:76:25-66
92
93                <category android:name="android.intent.category.LAUNCHER" />
93-->src\main\AndroidManifest.xml:77:17-77
93-->src\main\AndroidManifest.xml:77:27-74
94            </intent-filter>
95        </activity>
96
97        <provider
97-->[androidx.emoji2:emoji2:1.3.0] AndroidManifest.xml:24:9-32:20
98            android:name="androidx.startup.InitializationProvider"
98-->[androidx.emoji2:emoji2:1.3.0] AndroidManifest.xml:25:13-67
99            android:authorities="com.example.platformtool.androidx-startup"
99-->[androidx.emoji2:emoji2:1.3.0] AndroidManifest.xml:26:13-68
100            android:exported="false" >
100-->[androidx.emoji2:emoji2:1.3.0] AndroidManifest.xml:27:13-37
101            <meta-data
101-->[androidx.emoji2:emoji2:1.3.0] AndroidManifest.xml:29:13-31:52
102                android:name="androidx.emoji2.text.EmojiCompatInitializer"
102-->[androidx.emoji2:emoji2:1.3.0] AndroidManifest.xml:30:17-75
103                android:value="androidx.startup" />
103-->[androidx.emoji2:emoji2:1.3.0] AndroidManifest.xml:31:17-49
104            <meta-data
104-->[androidx.lifecycle:lifecycle-process:2.6.2] AndroidManifest.xml:29:13-31:52
105                android:name="androidx.lifecycle.ProcessLifecycleInitializer"
105-->[androidx.lifecycle:lifecycle-process:2.6.2] AndroidManifest.xml:30:17-78
106                android:value="androidx.startup" />
106-->[androidx.lifecycle:lifecycle-process:2.6.2] AndroidManifest.xml:31:17-49
107            <meta-data
107-->[androidx.profileinstaller:profileinstaller:1.3.1] AndroidManifest.xml:29:13-31:52
108                android:name="androidx.profileinstaller.ProfileInstallerInitializer"
108-->[androidx.profileinstaller:profileinstaller:1.3.1] AndroidManifest.xml:30:17-85
109                android:value="androidx.startup" />
109-->[androidx.profileinstaller:profileinstaller:1.3.1] AndroidManifest.xml:31:17-49
110        </provider>
111
112        <receiver
112-->[androidx.profileinstaller:profileinstaller:1.3.1] AndroidManifest.xml:34:9-52:20
113            android:name="androidx.profileinstaller.ProfileInstallReceiver"
113-->[androidx.profileinstaller:profileinstaller:1.3.1] AndroidManifest.xml:35:13-76
114            android:directBootAware="false"
114-->[androidx.profileinstaller:profileinstaller:1.3.1] AndroidManifest.xml:36:13-44
115            android:enabled="true"
115-->[androidx.profileinstaller:profileinstaller:1.3.1] AndroidManifest.xml:37:13-35
116            android:exported="true"
116-->[androidx.profileinstaller:profileinstaller:1.3.1] AndroidManifest.xml:38:13-36
117            android:permission="android.permission.DUMP" >
117-->[androidx.profileinstaller:profileinstaller:1.3.1] AndroidManifest.xml:39:13-57
118            <intent-filter>
118-->[androidx.profileinstaller:profileinstaller:1.3.1] AndroidManifest.xml:40:13-42:29
119                <action android:name="androidx.profileinstaller.action.INSTALL_PROFILE" />
119-->[androidx.profileinstaller:profileinstaller:1.3.1] AndroidManifest.xml:41:17-91
119-->[androidx.profileinstaller:profileinstaller:1.3.1] AndroidManifest.xml:41:25-88
120            </intent-filter>
121            <intent-filter>
121-->[androidx.profileinstaller:profileinstaller:1.3.1] AndroidManifest.xml:43:13-45:29
122                <action android:name="androidx.profileinstaller.action.SKIP_FILE" />
122-->[androidx.profileinstaller:profileinstaller:1.3.1] AndroidManifest.xml:44:17-85
122-->[androidx.profileinstaller:profileinstaller:1.3.1] AndroidManifest.xml:44:25-82
123            </intent-filter>
124            <intent-filter>
124-->[androidx.profileinstaller:profileinstaller:1.3.1] AndroidManifest.xml:46:13-48:29
125                <action android:name="androidx.profileinstaller.action.SAVE_PROFILE" />
125-->[androidx.profileinstaller:profileinstaller:1.3.1] AndroidManifest.xml:47:17-88
125-->[androidx.profileinstaller:profileinstaller:1.3.1] AndroidManifest.xml:47:25-85
126            </intent-filter>
127            <intent-filter>
127-->[androidx.profileinstaller:profileinstaller:1.3.1] AndroidManifest.xml:49:13-51:29
128                <action android:name="androidx.profileinstaller.action.BENCHMARK_OPERATION" />
128-->[androidx.profileinstaller:profileinstaller:1.3.1] AndroidManifest.xml:50:17-95
128-->[androidx.profileinstaller:profileinstaller:1.3.1] AndroidManifest.xml:50:25-92
129            </intent-filter>
130        </receiver>
131    </application>
132
133</manifest>